
Run     SWR     Gain    F/B     F/R     R-a     X-a     Eff.    %Res.   %Stp  i       

1-0     23172   8.78    20.36   7.64    9.7e-3  93.177  100     0    	0    	0.4     
1       23172   8.78    20.36   7.64    9.7e-3  93.177  100     0    	0.1  	0.4004  
1-1                                                                           0       

2       23172   8.78    20.36   7.64    9.7e-3  93.177  100     0    	0.4  	0.4016  
2-1                                                                           0       

3       23172   8.78    20.37   7.64    9.7e-3  93.177  100     4.e-3	1.6  	0.4064  
3-1                                                                           1       

3-2     23184   8.78    20.38   7.63    9.6e-3  93.177  100     8.e-3	10   	0.44    
3-3     23210   8.78    20.38   7.63    9.6e-3  93.177  100     0    	10   	0.484   
4       23213   8.78    20.37   7.63    9.6e-3  93.177  100     -4e-3	1.6  	0.4917  
4-1                                                                           -1      

4-2     23203   8.78    20.38   7.63    9.6e-3  93.177  100     0    	2.5  	0.4719  
5       23211   8.78    20.38   7.63    9.6e-3  93.177  100     0    	0.5  	0.4864  
5-1                                                                           0       


Run     SWR     Gain    F/B     F/R     R-a     X-a     Eff.    %Res.   %Stp  gap     

6-0     23211   8.78    20.38   7.63    9.6e-3  93.177  100     0    	0    	5.e-3   
6       23214   8.78    20.37   7.63    9.6e-3  93.151  100     -4e-3	0.1  	5.e-3   
6-1                                                                           -1      

6-2     22937   8.71    20.41   7.68    0.0102  95.907  100     -0.01	10   	4.5e-3  
7       23214   8.78    20.37   7.63    9.6e-3  93.151  100     -4e-3	0.1  	5.e-3   
7-1                                                                           -1      

7-2     23153   8.76    20.38   7.63    9.7e-3  93.712  100     -5e-3	2    	4.9e-3  
8       23214   8.78    20.37   7.63    9.6e-3  93.151  100     -4e-3	0.1  	5.e-3   
8-1                                                                           -1      

8-2     23199   8.78    20.38   7.63    9.7e-3  93.284  100     -1e-3	0.4  	5.e-3   
9       23213   8.78    20.37   7.63    9.6e-3  93.156  100     -4e-3	0.08 	5.e-3   
9-1                                                                           -1      

9-2     23209   8.78    20.38   7.63    9.6e-3  93.199  100     -2e-4	0.08 	5.e-3   
